2024-01-08 18:16:29.561 INFO  com.sp.trainmember.TrainMemerApplication          :51   [32m                  [0;39m Starting TrainMemerApplication using Java 17.0.8.1 with PID 24444 (D:\project\train12306\train\train-member\target\classes started by 15478 in D:\project\train12306\train)
2024-01-08 18:16:29.581 INFO  com.sp.trainmember.TrainMemerApplication          :630  [32m                  [0;39m No active profile set, falling back to 1 default profile: "default"
2024-01-08 18:16:29.741 INFO  o.s.b.d.env.DevToolsPropertyDefaultsPostProcessor :250  [32m                  [0;39m Devtools property defaults active! Set 'spring.devtools.add-properties' to 'false' to disable
2024-01-08 18:16:29.766 INFO  o.s.b.d.env.DevToolsPropertyDefaultsPostProcessor :250  [32m                  [0;39m For additional web related logging consider setting the 'logging.level.web' property to 'DEBUG'
2024-01-08 18:16:31.999 INFO  o.springframework.cloud.context.scope.GenericScope:282  [32m                  [0;39m BeanFactory id=13758d3a-07c3-30d8-933b-fe15b9dd0c4d
2024-01-08 18:16:34.084 INFO  o.s.boot.web.embedded.tomcat.TomcatWebServer      :114  [32m                  [0;39m Tomcat initialized with port(s): 8081 (http)
2024-01-08 18:16:34.108 INFO  org.apache.coyote.http11.Http11NioProtocol        :173  [32m                  [0;39m Initializing ProtocolHandler ["http-nio-8081"]
2024-01-08 18:16:34.110 INFO  org.apache.catalina.core.StandardService          :173  [32m                  [0;39m Starting service [Tomcat]
2024-01-08 18:16:34.111 INFO  org.apache.catalina.core.StandardEngine           :173  [32m                  [0;39m Starting Servlet engine: [Apache Tomcat/10.1.1]
2024-01-08 18:16:34.401 INFO  o.a.c.c.C.[Tomcat].[localhost].[/member]          :173  [32m                  [0;39m Initializing Spring embedded WebApplicationContext
2024-01-08 18:16:34.407 INFO  o.s.b.w.s.c.ServletWebServerApplicationContext    :291  [32m                  [0;39m Root WebApplicationContext: initialization completed in 4634 ms
2024-01-08 18:16:37.808 INFO  o.s.b.d.autoconfigure.OptionalLiveReloadServer    :59   [32m                  [0;39m LiveReload server is running on port 35729
2024-01-08 18:16:38.269 INFO  org.apache.coyote.http11.Http11NioProtocol        :173  [32m                  [0;39m Starting ProtocolHandler ["http-nio-8081"]
2024-01-08 18:16:38.322 INFO  o.s.boot.web.embedded.tomcat.TomcatWebServer      :226  [32m                  [0;39m Tomcat started on port(s): 8081 (http) with context path '/member'
2024-01-08 18:16:38.626 INFO  com.sp.trainmember.TrainMemerApplication          :57   [32m                  [0;39m Started TrainMemerApplication in 19.16 seconds (process running for 31.983)
2024-01-08 18:27:04.199 INFO  o.a.c.c.C.[Tomcat].[localhost].[/member]          :173  [32m                  [0;39m Initializing Spring DispatcherServlet 'dispatcherServlet'
2024-01-08 18:27:04.205 INFO  org.springframework.web.servlet.DispatcherServlet :525  [32m                  [0;39m Initializing Servlet 'dispatcherServlet'
2024-01-08 18:27:04.226 INFO  org.springframework.web.servlet.DispatcherServlet :547  [32m                  [0;39m Completed initialization in 20 ms
2024-01-08 18:27:04.408 INFO  com.sp.trainmember.aspect.LogAspect               :48   [32m                  [0;39m ------------- å¼€å§‹ -------------
2024-01-08 18:27:04.410 INFO  com.sp.trainmember.aspect.LogAspect               :49   [32m                  [0;39m è¯·æ±‚åœ°å€: http://127.0.0.1:8081/member/sendcode POST
2024-01-08 18:27:04.413 INFO  com.sp.trainmember.aspect.LogAspect               :50   [32m                  [0;39m ç±»åæ–¹æ³•: com.sp.trainmember.controller.MemberController.sendCode
2024-01-08 18:27:04.414 INFO  com.sp.trainmember.aspect.LogAspect               :51   [32m                  [0;39m è¿œç¨‹åœ°å€: 127.0.0.1
2024-01-08 18:27:04.507 INFO  com.sp.trainmember.aspect.LogAspect               :72   [32m                  [0;39m è¯·æ±‚å‚æ•°: [{}]
2024-01-08 18:27:04.597 INFO  com.zaxxer.hikari.HikariDataSource                :110  [32m                  [0;39m HikariPool-1 - Starting...
2024-01-08 18:27:05.655 INFO  com.zaxxer.hikari.pool.HikariPool                 :565  [32m                  [0;39m HikariPool-1 - Added connection com.mysql.cj.jdbc.ConnectionImpl@27c5a299
2024-01-08 18:27:05.658 INFO  com.zaxxer.hikari.HikariDataSource                :123  [32m                  [0;39m HikariPool-1 - Start completed.
2024-01-08 18:27:05.667 DEBUG c.s.t.mapper.MemberMapper.selectByExample         :137  [32m                  [0;39m ==>  Preparing: select id, mobile from member WHERE ( mobile = ? )
2024-01-08 18:27:05.694 DEBUG c.s.t.mapper.MemberMapper.selectByExample         :137  [32m                  [0;39m ==> Parameters: 13000000000(String)
2024-01-08 18:27:05.766 TRACE c.s.t.mapper.MemberMapper.selectByExample         :143  [32m                  [0;39m <==    Columns: id, mobile
2024-01-08 18:27:05.767 TRACE c.s.t.mapper.MemberMapper.selectByExample         :143  [32m                  [0;39m <==        Row: 1739638490989203456, 13000000000
2024-01-08 18:27:05.768 DEBUG c.s.t.mapper.MemberMapper.selectByExample         :137  [32m                  [0;39m <==      Total: 1
2024-01-08 18:27:05.782 INFO  com.sp.trainmember.service.MemberService          :79   [32m                  [0;39m æ‰‹æœºå·å­˜åœ¨ï¼Œä¸æ’å…¥è®°å½•
2024-01-08 18:27:05.790 INFO  com.sp.trainmember.service.MemberService          :84   [32m                  [0;39m ç”ŸæˆçŸ­ä¿¡éªŒè¯ç 
2024-01-08 18:27:05.794 INFO  com.sp.trainmember.aspect.LogAspect               :84   [32m                  [0;39m è¿”å›žç»“æžœ: {"success":true}
2024-01-08 18:27:05.794 INFO  com.sp.trainmember.aspect.LogAspect               :85   [32m                  [0;39m ------------- ç»“æŸ è€—æ—¶ï¼š1388 ms -------------
2024-01-08 18:27:06.580 INFO  com.sp.trainmember.aspect.LogAspect               :48   [32m                  [0;39m ------------- å¼€å§‹ -------------
2024-01-08 18:27:06.580 INFO  com.sp.trainmember.aspect.LogAspect               :49   [32m                  [0;39m è¯·æ±‚åœ°å€: http://127.0.0.1:8081/member/login POST
2024-01-08 18:27:06.580 INFO  com.sp.trainmember.aspect.LogAspect               :50   [32m                  [0;39m ç±»åæ–¹æ³•: com.sp.trainmember.controller.MemberController.login
2024-01-08 18:27:06.580 INFO  com.sp.trainmember.aspect.LogAspect               :51   [32m                  [0;39m è¿œç¨‹åœ°å€: 127.0.0.1
2024-01-08 18:27:06.582 INFO  com.sp.trainmember.aspect.LogAspect               :72   [32m                  [0;39m è¯·æ±‚å‚æ•°: [{"code":"8888"}]
2024-01-08 18:27:06.837 DEBUG c.s.t.mapper.MemberMapper.selectByExample         :137  [32m                  [0;39m ==>  Preparing: select id, mobile from member WHERE ( mobile = ? )
2024-01-08 18:27:06.839 DEBUG c.s.t.mapper.MemberMapper.selectByExample         :137  [32m                  [0;39m ==> Parameters: 13000000000(String)
2024-01-08 18:27:06.878 TRACE c.s.t.mapper.MemberMapper.selectByExample         :143  [32m                  [0;39m <==    Columns: id, mobile
2024-01-08 18:27:06.878 TRACE c.s.t.mapper.MemberMapper.selectByExample         :143  [32m                  [0;39m <==        Row: 1739638490989203456, 13000000000
2024-01-08 18:27:06.879 DEBUG c.s.t.mapper.MemberMapper.selectByExample         :137  [32m                  [0;39m <==      Total: 1
2024-01-08 18:27:07.187 INFO  com.sp.traincommon.util.JwtUtil                   :37   [32m                  [0;39m ç”ŸæˆJWT tokenï¼šeyJ0eXAiOiJKV1QiLCJhbGciOiJIUzI1NiJ9.eyJuYmYiOjE3MDQ3MDk2MjYsIm1vYmlsZSI6IjEzMDAwMDAwMDAwIiwiaWQiOjE3Mzk2Mzg0OTA5ODkyMDM0NTYsImV4cCI6MTcwNDc5NjAyNiwiaWF0IjoxNzA0NzA5NjI2fQ.H0zfG3hl66YYrFHAvuG_zxXZvl0ix1zNl5TSGKJlDDY
2024-01-08 18:27:07.189 INFO  com.sp.trainmember.aspect.LogAspect               :84   [32m                  [0;39m è¿”å›žç»“æžœ: {"content":{"id":1739638490989203456,"mobile":"13000000000","token":"eyJ0eXAiOiJKV1QiLCJhbGciOiJIUzI1NiJ9.eyJuYmYiOjE3MDQ3MDk2MjYsIm1vYmlsZSI6IjEzMDAwMDAwMDAwIiwiaWQiOjE3Mzk2Mzg0OTA5ODkyMDM0NTYsImV4cCI6MTcwNDc5NjAyNiwiaWF0IjoxNzA0NzA5NjI2fQ.H0zfG3hl66YYrFHAvuG_zxXZvl0ix1zNl5TSGKJlDDY"},"success":true}
2024-01-08 18:27:07.190 INFO  com.sp.trainmember.aspect.LogAspect               :85   [32m                  [0;39m ------------- ç»“æŸ è€—æ—¶ï¼š610 ms -------------
